0 info it worked if it ends with ok
1 verbose cli [ '/usr/local/bin/node', '/usr/local/bin/npm', 'publish' ]
2 info using npm@4.0.5
3 info using node@v7.4.0
4 verbose publish [ '.' ]
5 silly cache add args [ '.', null ]
6 verbose cache add spec .
7 silly cache add parsed spec Result {
7 silly cache add   raw: '.',
7 silly cache add   scope: null,
7 silly cache add   escapedName: null,
7 silly cache add   name: null,
7 silly cache add   rawSpec: '.',
7 silly cache add   spec: '/Users/farhad/Documents/projects/my-npm/separateit',
7 silly cache add   type: 'directory' }
8 verbose addLocalDirectory /Users/farhad/.npm/separateit/1.0.3/package.tgz not in flight; packing
9 verbose correctMkdir /Users/farhad/.npm correctMkdir not in flight; initializing
10 info lifecycle separateit@1.0.3~prepublish: separateit@1.0.3
11 silly lifecycle separateit@1.0.3~prepublish: no script for prepublish, continuing
12 info lifecycle separateit@1.0.3~prepare: separateit@1.0.3
13 silly lifecycle separateit@1.0.3~prepare: no script for prepare, continuing
14 verbose tar pack [ '/Users/farhad/.npm/separateit/1.0.3/package.tgz',
14 verbose tar pack   '/Users/farhad/Documents/projects/my-npm/separateit' ]
15 verbose tarball /Users/farhad/.npm/separateit/1.0.3/package.tgz
16 verbose folder /Users/farhad/Documents/projects/my-npm/separateit
17 verbose addLocalTarball adding from inside cache /Users/farhad/.npm/separateit/1.0.3/package.tgz
18 verbose correctMkdir /Users/farhad/.npm correctMkdir not in flight; initializing
19 silly cache afterAdd separateit@1.0.3
20 verbose afterAdd /Users/farhad/.npm/separateit/1.0.3/package/package.json not in flight; writing
21 verbose correctMkdir /Users/farhad/.npm correctMkdir not in flight; initializing
22 verbose afterAdd /Users/farhad/.npm/separateit/1.0.3/package/package.json written
23 silly publish { name: 'separateit',
23 silly publish   version: '1.0.3',
23 silly publish   description: 'separete any string optional',
23 silly publish   keywords: [ 'regex', 'separator', 'comma separator' ],
23 silly publish   author: { name: 'Farhad Amjady', email: 'farhadamjadytoosi@gmail.com' },
23 silly publish   dependencies: {},
23 silly publish   licenses: 'MIT',
23 silly publish   main: './index.js',
23 silly publish   engines: { node: '>= 0.10.0' },
23 silly publish   scripts: { test: 'node test.js' },
23 silly publish   readme: '# separateit\n\nan optional separator with any delimeter\n\n```js\nseparateit("100000000000",{delimeter:",",flag:"g",num:4})\n// the result will be\n// 100,000,000\n```\n\n## api\n\n### separateit(string, options)\n\n\n**options**\n\n  - `delimeter`  the separator character\n  - `flag`  special flg of regex\n  - `num`  the number of characters to separate\n',
23 silly publish   readmeFilename: 'README.md',
23 silly publish   _id: 'separateit@1.0.3',
23 silly publish   _shasum: '2c66be5bdad547701ca57149ec10b8c3a2485223',
23 silly publish   _from: '.' }
24 info lifecycle separateit@1.0.3~prepublishOnly: separateit@1.0.3
25 silly lifecycle separateit@1.0.3~prepublishOnly: no script for prepublishOnly, continuing
26 verbose getPublishConfig undefined
27 silly mapToRegistry name separateit
28 silly mapToRegistry using default registry
29 silly mapToRegistry registry https://registry.npmjs.org/
30 silly mapToRegistry data Result {
30 silly mapToRegistry   raw: 'separateit',
30 silly mapToRegistry   scope: null,
30 silly mapToRegistry   escapedName: 'separateit',
30 silly mapToRegistry   name: 'separateit',
30 silly mapToRegistry   rawSpec: '',
30 silly mapToRegistry   spec: 'latest',
30 silly mapToRegistry   type: 'tag' }
31 silly mapToRegistry uri https://registry.npmjs.org/separateit
32 verbose publish registryBase https://registry.npmjs.org/
33 silly publish uploading /Users/farhad/.npm/separateit/1.0.3/package.tgz
34 verbose request uri https://registry.npmjs.org/separateit
35 verbose request sending authorization for write operation
36 info attempt registry request try #1 at 12:32:29 PM
37 verbose request using bearer token for auth
38 verbose request id bd1ff444e5401c27
39 http request PUT https://registry.npmjs.org/separateit
40 http 403 https://registry.npmjs.org/separateit
41 verbose headers { 'content-type': 'application/json',
41 verbose headers   'cache-control': 'max-age=300',
41 verbose headers   'content-length': '91',
41 verbose headers   'accept-ranges': 'bytes',
41 verbose headers   date: 'Sat, 09 Dec 2017 09:02:32 GMT',
41 verbose headers   via: '1.1 varnish',
41 verbose headers   connection: 'keep-alive',
41 verbose headers   'x-served-by': 'cache-hhn1541-HHN',
41 verbose headers   'x-cache': 'MISS',
41 verbose headers   'x-cache-hits': '0',
41 verbose headers   'x-timer': 'S1512810151.760184,VS0,VE1408',
41 verbose headers   vary: 'Accept-Encoding, Accept' }
42 verbose request invalidating /Users/farhad/.npm/registry.npmjs.org/separateit on PUT
43 error publish Failed PUT 403
44 verbose stack Error: You cannot publish over the previously published version 1.0.3. : separateit
44 verbose stack     at makeError (/usr/local/lib/node_modules/npm/node_modules/npm-registry-client/lib/request.js:302:12)
44 verbose stack     at CachingRegistryClient.<anonymous> (/usr/local/lib/node_modules/npm/node_modules/npm-registry-client/lib/request.js:290:14)
44 verbose stack     at Request._callback (/usr/local/lib/node_modules/npm/node_modules/npm-registry-client/lib/request.js:210:14)
44 verbose stack     at Request.self.callback (/usr/local/lib/node_modules/npm/node_modules/request/request.js:186:22)
44 verbose stack     at emitTwo (events.js:106:13)
44 verbose stack     at Request.emit (events.js:191:7)
44 verbose stack     at Request.<anonymous> (/usr/local/lib/node_modules/npm/node_modules/request/request.js:1081:10)
44 verbose stack     at emitOne (events.js:96:13)
44 verbose stack     at Request.emit (events.js:188:7)
44 verbose stack     at IncomingMessage.<anonymous> (/usr/local/lib/node_modules/npm/node_modules/request/request.js:1001:12)
45 verbose statusCode 403
46 verbose pkgid separateit
47 verbose cwd /Users/farhad/Documents/projects/my-npm/separateit
48 error Darwin 17.2.0
49 error argv "/usr/local/bin/node" "/usr/local/bin/npm" "publish"
50 error node v7.4.0
51 error npm  v4.0.5
52 error code E403
53 error You cannot publish over the previously published version 1.0.3. : separateit
54 error If you need help, you may report this error at:
54 error     <https://github.com/npm/npm/issues>
55 verbose exit [ 1, true ]
